Using pre-set license
Built from '2020.3/staging' branch; Version is '2020.3.11f1 (99c7afb366b3) revision 10078127'; Using compiler version '192528614'; Build Type 'Release'
OS: 'Windows 10 Home Single Language; OS build 19042.1348; Version 2009; 64bit' Language: 'pt' Physical Memory: 16024 MB
BatchMode: 1, IsHumanControllingUs: 0, StartBugReporterOnCrash: 0, Is64bit: 1, IsPro: 0

 COMMAND LINE ARGUMENTS:
C:\Program Files\Unity\Hub\Editor\2020.3.11f1\Editor\Unity.exe
-adb2
-batchMode
-noUpm
-name
AssetImportWorker0
-projectPath
D:/UnityGames/Alura_UnityMobile2-Aula5
-logFile
Logs/AssetImportWorker0.log
-srvPort
57455
Successfully changed project path to: D:/UnityGames/Alura_UnityMobile2-Aula5
D:/UnityGames/Alura_UnityMobile2-Aula5
Using Asset Import Pipeline V2.
Refreshing native plugins compatible for Editor in 80.49 ms, found 2 plugins.
Preloading 0 native plugins for Editor in 0.00 ms.
Initialize engine version: 2020.3.11f1 (99c7afb366b3)
[Subsystems] Discovering subsystems at path C:/Program Files/Unity/Hub/Editor/2020.3.11f1/Editor/Data/Resources/UnitySubsystems
[Subsystems] Discovering subsystems at path D:/UnityGames/Alura_UnityMobile2-Aula5/Assets
GfxDevice: creating device client; threaded=0
Direct3D:
    Version:  Direct3D 11.0 [level 11.1]
    Renderer: NVIDIA GeForce GTX 1050 Ti (ID=0x1c8c)
    Vendor:   
    VRAM:     4018 MB
    Driver:   30.0.14.7196
Initialize mono
Mono path[0] = 'C:/Program Files/Unity/Hub/Editor/2020.3.11f1/Editor/Data/Managed'
Mono path[1] = 'C:/Program Files/Unity/Hub/Editor/2020.3.11f1/Editor/Data/MonoBleedingEdge/lib/mono/unityjit'
Mono config path = 'C:/Program Files/Unity/Hub/Editor/2020.3.11f1/Editor/Data/MonoBleedingEdge/etc'
Using monoOptions --debugger-agent=transport=dt_socket,embedding=1,server=y,suspend=n,address=127.0.0.1:56872
Begin MonoManager ReloadAssembly
Registering precompiled unity dll's ...
Register platform support module: C:/Program Files/Unity/Hub/Editor/2020.3.11f1/Editor/Data/PlaybackEngines/WindowsStandaloneSupport/UnityEditor.WindowsStandalone.Extensions.dll
Registered in 0.004301 seconds.
Native extension for WindowsStandalone target not found
Refreshing native plugins compatible for Editor in 65.56 ms, found 2 plugins.
Preloading 0 native plugins for Editor in 0.00 ms.
Mono: successfully reloaded assembly
- Completed reload, in  1.894 seconds
Platform modules already initialized, skipping
Registering precompiled user dll's ...
Registered in 0.006503 seconds.
Begin MonoManager ReloadAssembly
Native extension for WindowsStandalone target not found
Refreshing native plugins compatible for Editor in 1.01 ms, found 2 plugins.
Preloading 0 native plugins for Editor in 0.00 ms.
Mono: successfully reloaded assembly
- Completed reload, in  1.996 seconds
Platform modules already initialized, skipping
========================================================================
Worker process is ready to serve import requests
Launched and connected shader compiler UnityShaderCompiler.exe after 0.09 seconds
Refreshing native plugins compatible for Editor in 0.62 ms, found 2 plugins.
Preloading 0 native plugins for Editor in 0.00 ms.
Unloading 1949 Unused Serialized files (Serialized files now loaded: 0)
System memory in use before: 80.2 MB.
System memory in use after: 80.3 MB.

Unloading 58 unused Assets to reduce memory usage. Loaded Objects now: 2352.
Total: 8.643800 ms (FindLiveObjects: 0.684900 ms CreateObjectMapping: 0.206700 ms MarkObjects: 7.671000 ms  DeleteObjects: 0.079200 ms)

========================================================================
Received Import Request.
  path: Assets/master.mixer
  artifactKey: Guid(32637b84897327e489cde36f2a9daf9b) Importer(815301076,1909f56bfc062723c751e8b465ee728b)
Start importing Assets/master.mixer using Guid(32637b84897327e489cde36f2a9daf9b) Importer(815301076,1909f56bfc062723c751e8b465ee728b)  -> (artifact id: 'c514a5a81655dc5b4ec440770fc4b030') in 0.048095 seconds
  Import took 0.051711 seconds .

========================================================================
Received Prepare
Registering precompiled user dll's ...
Registered in 0.007530 seconds.
Begin MonoManager ReloadAssembly
Native extension for WindowsStandalone target not found
Refreshing native plugins compatible for Editor in 0.84 ms, found 2 plugins.
Preloading 0 native plugins for Editor in 0.00 ms.
Mono: successfully reloaded assembly
- Completed reload, in  1.347 seconds
Platform modules already initialized, skipping
Refreshing native plugins compatible for Editor in 1.00 ms, found 2 plugins.
Preloading 0 native plugins for Editor in 0.00 ms.
Unloading 1943 Unused Serialized files (Serialized files now loaded: 0)
System memory in use before: 80.0 MB.
System memory in use after: 80.2 MB.

Unloading 49 unused Assets to reduce memory usage. Loaded Objects now: 2355.
Total: 7.590000 ms (FindLiveObjects: 0.160800 ms CreateObjectMapping: 0.064200 ms MarkObjects: 7.300900 ms  DeleteObjects: 0.062100 ms)

========================================================================
Received Import Request.
  Time since last request: 8.877566 seconds.
  path: Assets/Cenas/Menu.unity
  artifactKey: Guid(d70149abb46020a4082ebb007df6bf33) Importer(815301076,1909f56bfc062723c751e8b465ee728b)
Start importing Assets/Cenas/Menu.unity using Guid(d70149abb46020a4082ebb007df6bf33) Importer(815301076,1909f56bfc062723c751e8b465ee728b)  -> (artifact id: '942024458f1d212a063399260a9b0876') in 0.019033 seconds
  Import took 0.022357 seconds .

========================================================================
Received Prepare
Registering precompiled user dll's ...
Registered in 0.009425 seconds.
Begin MonoManager ReloadAssembly
Native extension for WindowsStandalone target not found
Refreshing native plugins compatible for Editor in 1.45 ms, found 2 plugins.
Preloading 0 native plugins for Editor in 0.00 ms.
Mono: successfully reloaded assembly
- Completed reload, in  1.477 seconds
Platform modules already initialized, skipping
Refreshing native plugins compatible for Editor in 1.12 ms, found 2 plugins.
Preloading 0 native plugins for Editor in 0.00 ms.
Unloading 1943 Unused Serialized files (Serialized files now loaded: 0)
System memory in use before: 80.1 MB.
System memory in use after: 80.2 MB.

Unloading 49 unused Assets to reduce memory usage. Loaded Objects now: 2358.
Total: 7.997900 ms (FindLiveObjects: 0.411500 ms CreateObjectMapping: 0.251000 ms MarkObjects: 7.302100 ms  DeleteObjects: 0.031700 ms)

========================================================================
Received Import Request.
  Time since last request: 90.842355 seconds.
  path: Assets/Cenas/jogo.unity
  artifactKey: Guid(c37a36b7c0bde2a45ac10e394579c2eb) Importer(815301076,1909f56bfc062723c751e8b465ee728b)
Start importing Assets/Cenas/jogo.unity using Guid(c37a36b7c0bde2a45ac10e394579c2eb) Importer(815301076,1909f56bfc062723c751e8b465ee728b)  -> (artifact id: '723dfe592db7db8407fd8c246684e14f') in 0.020607 seconds
  Import took 0.024299 seconds .

========================================================================
Received Prepare
Registering precompiled user dll's ...
Registered in 0.006846 seconds.
Begin MonoManager ReloadAssembly
Native extension for WindowsStandalone target not found
Refreshing native plugins compatible for Editor in 0.63 ms, found 2 plugins.
Preloading 0 native plugins for Editor in 0.00 ms.
Mono: successfully reloaded assembly
- Completed reload, in  1.252 seconds
Platform modules already initialized, skipping
Refreshing native plugins compatible for Editor in 0.67 ms, found 2 plugins.
Preloading 0 native plugins for Editor in 0.00 ms.
Unloading 1943 Unused Serialized files (Serialized files now loaded: 0)
System memory in use before: 80.1 MB.
System memory in use after: 80.2 MB.

Unloading 49 unused Assets to reduce memory usage. Loaded Objects now: 2361.
Total: 8.021800 ms (FindLiveObjects: 0.186400 ms CreateObjectMapping: 0.068300 ms MarkObjects: 7.720700 ms  DeleteObjects: 0.045000 ms)

========================================================================
Received Import Request.
  Time since last request: 420.112439 seconds.
  path: Assets/Scritpt/NaoDestruir.cs
  artifactKey: Guid(b8cd1ab23a767c34988606ff67d335a8) Importer(815301076,1909f56bfc062723c751e8b465ee728b)
Start importing Assets/Scritpt/NaoDestruir.cs using Guid(b8cd1ab23a767c34988606ff67d335a8) Importer(815301076,1909f56bfc062723c751e8b465ee728b)  -> (artifact id: '980059764855afcb1919b23093ec28f4') in 0.017157 seconds
  Import took 0.021570 seconds .

========================================================================
Received Import Request.
  Time since last request: 0.002838 seconds.
  path: Assets/Scritpt/NaoDestruir.cs
  artifactKey: Guid(b8cd1ab23a767c34988606ff67d335a8) Importer(815301076,1909f56bfc062723c751e8b465ee728b)
Start importing Assets/Scritpt/NaoDestruir.cs using Guid(b8cd1ab23a767c34988606ff67d335a8) Importer(815301076,1909f56bfc062723c751e8b465ee728b)  -> (artifact id: '980059764855afcb1919b23093ec28f4') in 0.002750 seconds
  Import took 0.006355 seconds .

